<?xml version="1.0" encoding="UTF-8"?>
<!-- Generated by org.testng.reporters.JUnitXMLReporter -->
<testsuite hostname="LAPTOP-BIDVEQPH" ignored="0" name="SDET Testing" tests="6" failures="2" timestamp="19 Feb 2020 18:48:52 GMT" time="74.783" errors="0">
  <testcase name="verifyLogin" time="3.403" classname="com.SDET.TestCase.TC_LoginTest_001"/>
  <testcase name="ValidateOnSelenium" time="9.393" classname="com.SDET.TestCase.TC_SeleniumTest_004"/>
  <testcase name="loginDD" time="6.388" classname="com.SDET.TestCase.TC_LoginTest_002"/>
  <testcase name="loginDD" time="6.272" classname="com.SDET.TestCase.TC_LoginTest_002">
    <failure type="java.lang.AssertionError" message="expected [true] but found [false]">
      <![CDATA[java.lang.AssertionError: expected [true] but found [false]
at com.SDET.TestCase.TC_LoginTest_002.loginDD(TC_LoginTest_002.java:33)
... Removed 29 stack frames]]>
    </failure>
  </testcase> <!-- loginDD -->
  <testcase name="loginDD" time="6.177" classname="com.SDET.TestCase.TC_LoginTest_002">
    <failure type="java.lang.AssertionError" message="expected [true] but found [false]">
      <![CDATA[java.lang.AssertionError: expected [true] but found [false]
at com.SDET.TestCase.TC_LoginTest_002.loginDD(TC_LoginTest_002.java:33)
... Removed 29 stack frames]]>
    </failure>
  </testcase> <!-- loginDD -->
  <testcase name="loginDD" time="6.236" classname="com.SDET.TestCase.TC_LoginTest_002"/>
</testsuite> <!-- SDET Testing -->
